Start testing: Sep 16 14:12 +01
----------------------------------------------------------
1/1 Testing: Tester
1/1 Test: Tester
Command: "/home/rodelph/dev/ImageProc/build-ImageProc-Desktop-Release/ProjectEx/ImageProc"
Directory: /home/rodelph/dev/ImageProc/build-ImageProc-Desktop-Release/ProjectEx
"Tester" start time: Sep 16 14:12 +01
Output:
----------------------------------------------------------
<end of output>
Test time =   6.81 sec
----------------------------------------------------------
Test Passed.
"Tester" end time: Sep 16 14:12 +01
"Tester" time elapsed: 00:00:06
----------------------------------------------------------

End testing: Sep 16 14:12 +01
