Start testing: Sep 15 15:23 +01
----------------------------------------------------------
1/1 Testing: Tester
1/1 Test: Tester
Command: "/home/rodelph/dev/ImageProc/build-ImageProc-Desktop-Release/ProjectEx/ImageProc"
Directory: /home/rodelph/dev/ImageProc/build-ImageProc-Desktop-Release/ProjectEx
"Tester" start time: Sep 15 15:23 +01
Output:
----------------------------------------------------------
QMetaObject::connectSlotsByName: No matching signal for on_confBtn_clicked()
<end of output>
Test time =   4.76 sec
----------------------------------------------------------
Test Passed.
"Tester" end time: Sep 15 15:23 +01
"Tester" time elapsed: 00:00:04
----------------------------------------------------------

End testing: Sep 15 15:23 +01
