Start testing: Sep 10 16:36 +01
----------------------------------------------------------
1/1 Testing: Tester
1/1 Test: Tester
Command: "/home/rodelph/dev/ImageProc/build-ImageProc-Desktop-Release/ProjectEx/ImageProc"
Directory: /home/rodelph/dev/ImageProc/build-ImageProc-Desktop-Release/ProjectEx
"Tester" start time: Sep 10 16:36 +01
Output:
----------------------------------------------------------
QMetaObject::connectSlotsByName: No matching signal for on_hpBtn_clicked()
<end of output>
Test time =  10.95 sec
----------------------------------------------------------
Test Passed.
"Tester" end time: Sep 10 16:36 +01
"Tester" time elapsed: 00:00:10
----------------------------------------------------------

End testing: Sep 10 16:36 +01
