Start testing: Sep 10 23:08 +01
----------------------------------------------------------
1/1 Testing: Tester
1/1 Test: Tester
Command: "/home/rodelph/dev/ImageProc/build-ImageProc-Desktop-Release/ProjectEx/ImageProc"
Directory: /home/rodelph/dev/ImageProc/build-ImageProc-Desktop-Release/ProjectEx
"Tester" start time: Sep 10 23:08 +01
Output:
----------------------------------------------------------
<end of output>
Test time =  29.14 sec
----------------------------------------------------------
Test Passed.
"Tester" end time: Sep 10 23:08 +01
"Tester" time elapsed: 00:00:29
----------------------------------------------------------

End testing: Sep 10 23:08 +01
